# JRE version: Java(TM) SE Runtime Environment (11.0.5+10) (build 11.0.5+10-LTS)
# Java VM: Java HotSpot(TM) 64-Bit Server VM (11.0.5+10-LTS, mixed mode, tiered, compressed oops, g1 gc, windows-amd64)
Heap:
 garbage-first heap   total 95232K, used 54675K [0x00000000c1600000, 0x0000000100000000)
  region size 1024K, 24 young (24576K), 5 survivors (5120K)
 Metaspace       used 53282K, capacity 55022K, committed 55168K, reserved 1097728K
  class space    used 6458K, capacity 7195K, committed 7296K, reserved 1048576K
GC Heap History (10 events):
Event: 32.770 GC heap before
{Heap before GC invocations=11 (full 0):
 garbage-first heap   total 95232K, used 66433K [0x00000000c1600000, 0x0000000100000000)
  region size 1024K, 55 young (56320K), 6 survivors (6144K)
 Metaspace       used 44572K, capacity 45569K, committed 45696K, reserved 1089536K
  class space    used 5300K, capacity 5716K, committed 5760K, reserved 1048576K
}
Event: 32.796 GC heap after
{Heap after GC invocations=12 (full 0):
 garbage-first heap   total 95232K, used 18517K [0x00000000c1600000, 0x0000000100000000)
  region size 1024K, 6 young (6144K), 6 survivors (6144K)
 Metaspace       used 44572K, capacity 45569K, committed 45696K, reserved 1089536K
  class space    used 5300K, capacity 5716K, committed 5760K, reserved 1048576K
}
Event: 140.444 GC heap before
{Heap before GC invocations=12 (full 0):
 garbage-first heap   total 95232K, used 68693K [0x00000000c1600000, 0x0000000100000000)
  region size 1024K, 55 young (56320K), 6 survivors (6144K)
 Metaspace       used 49706K, capacity 50886K, committed 51072K, reserved 1093632K
  class space    used 5998K, capacity 6461K, committed 6528K, reserved 1048576K
}
Event: 140.461 GC heap after
{Heap after GC invocations=13 (full 0):
 garbage-first heap   total 95232K, used 20764K [0x00000000c1600000, 0x0000000100000000)
  region size 1024K, 6 young (6144K), 6 survivors (6144K)
 Metaspace       used 49706K, capacity 50886K, committed 51072K, reserved 1093632K
  class space    used 5998K, capacity 6461K, committed 6528K, reserved 1048576K
}
Event: 357.753 GC heap before
{Heap before GC invocations=13 (full 0):
 garbage-first heap   total 95232K, used 75036K [0x00000000c1600000, 0x0000000100000000)
  region size 1024K, 55 young (56320K), 6 survivors (6144K)
 Metaspace       used 51843K, capacity 53391K, committed 53632K, reserved 1095680K
  class space    used 6315K, capacity 6972K, committed 7040K, reserved 1048576K
}
Event: 357.772 GC heap after
{Heap after GC invocations=14 (full 0):
 garbage-first heap   total 95232K, used 26227K [0x00000000c1600000, 0x0000000100000000)
  region size 1024K, 7 young (7168K), 7 survivors (7168K)
 Metaspace       used 51843K, capacity 53391K, committed 53632K, reserved 1095680K
  class space    used 6315K, capacity 6972K, committed 7040K, reserved 1048576K
}
Event: 495.487 GC heap before
{Heap before GC invocations=14 (full 0):
 garbage-first heap   total 95232K, used 73331K [0x00000000c1600000, 0x0000000100000000)
  region size 1024K, 53 young (54272K), 7 survivors (7168K)
 Metaspace       used 52287K, capacity 53816K, committed 53888K, reserved 1095680K
  class space    used 6322K, capacity 6975K, committed 7040K, reserved 1048576K
}
Event: 495.530 GC heap after
{Heap after GC invocations=15 (full 0):
 garbage-first heap   total 95232K, used 31563K [0x00000000c1600000, 0x0000000100000000)
  region size 1024K, 5 young (5120K), 5 survivors (5120K)
 Metaspace       used 52287K, capacity 53816K, committed 53888K, reserved 1095680K
  class space    used 6322K, capacity 6975K, committed 7040K, reserved 1048576K
}
Event: 1506.177 GC heap before
{Heap before GC invocations=15 (full 0):
 garbage-first heap   total 95232K, used 73547K [0x00000000c1600000, 0x0000000100000000)
  region size 1024K, 46 young (47104K), 5 survivors (5120K)
 Metaspace       used 53075K, capacity 54844K, committed 55168K, reserved 1097728K
  class space    used 6443K, capacity 7169K, committed 7296K, reserved 1048576K
}
Event: 1506.197 GC heap after
{Heap after GC invocations=16 (full 0):
 garbage-first heap   total 95232K, used 36243K [0x00000000c1600000, 0x0000000100000000)
  region size 1024K, 5 young (5120K), 5 survivors (5120K)
 Metaspace       used 53075K, capacity 54844K, committed 55168K, reserved 1097728K
  class space    used 6443K, capacity 7169K, committed 7296K, reserved 1048576K
}

